<?xml version="1.0" encoding="UTF-8"?>
<!-- Generated by org.testng.reporters.JUnitReportReporter -->
<testsuite skipped="0" hostname="edu6-PC" name="grouptest.grouptest" tests="1" failures="0" timestamp="23 Jun 2018 07:40:59 GMT" time="0.025" errors="0">
  <testcase name="g" time="0.025" classname="grouptest.grouptest"/>
</testsuite> <!-- grouptest.grouptest -->
